
> @parking/api@1.0.0 dev /Users/soul/Source/parking_dashboard/apps/api
> tsx watch src/main.ts

[37m================================[0m
 [33mMissing[0m environment variables:
    [34mDATABASE_URL[0m: undefined
    [34mJWT_SECRET[0m: undefined
[37m================================[0m
[33m
 Exiting with error code 1[0m
오전 12:16:00 [tsx] change in ./src/main.ts Rerunning...
c[37m================================[0m
 [33mMissing[0m environment variables:
    [34mDATABASE_URL[0m: undefined
    [34mJWT_SECRET[0m: undefined
[37m================================[0m
[33m
 Exiting with error code 1[0m
오전 12:16:04 [tsx] change in ./src/main.ts Rerunning...
c[37m================================[0m
 [33mMissing[0m environment variables:
    [34mDATABASE_URL[0m: undefined
    [34mJWT_SECRET[0m: undefined
[37m================================[0m
[33m
 Exiting with error code 1[0m
오전 12:16:38 [tsx] change in ./src/main.ts Rerunning...
c[37m================================[0m
 [33mMissing[0m environment variables:
    [34mDATABASE_URL[0m: undefined
    [34mJWT_SECRET[0m: undefined
[37m================================[0m
[33m
 Exiting with error code 1[0m
오전 12:16:42 [tsx] change in ./src/main.ts Rerunning...
c[37m================================[0m
 [33mMissing[0m environment variables:
    [34mDATABASE_URL[0m: undefined
    [34mJWT_SECRET[0m: undefined
[37m================================[0m
[33m
 Exiting with error code 1[0m
오전 12:58:25 [tsx] change in ./src/db.ts Rerunning...
c[37m================================[0m
 [33mMissing[0m environment variables:
    [34mDATABASE_URL[0m: undefined
    [34mJWT_SECRET[0m: undefined
[37m================================[0m
[33m
 Exiting with error code 1[0m
오전 12:58:39 [tsx] change in ./src/middleware/auth.ts Rerunning...
c[37m================================[0m
 [33mMissing[0m environment variables:
    [34mDATABASE_URL[0m: undefined
    [34mJWT_SECRET[0m: undefined
[37m================================[0m
[33m
 Exiting with error code 1[0m
오전 12:58:44 [tsx] change in ./src/socket/index.ts Rerunning...
c[37m================================[0m
 [33mMissing[0m environment variables:
    [34mDATABASE_URL[0m: undefined
    [34mJWT_SECRET[0m: undefined
[37m================================[0m
[33m
 Exiting with error code 1[0m
오전 7:04:18 [tsx] change in ./src/services/simulation.service.ts Rerunning...
c[37m================================[0m
 [33mMissing[0m environment variables:
    [34mDATABASE_URL[0m: undefined
    [34mJWT_SECRET[0m: undefined
[37m================================[0m
[33m
 Exiting with error code 1[0m
오전 7:04:27 [tsx] change in ./src/routes/simulations.ts Rerunning...
c[37m================================[0m
 [33mMissing[0m environment variables:
    [34mDATABASE_URL[0m: undefined
    [34mJWT_SECRET[0m: undefined
[37m================================[0m
[33m
 Exiting with error code 1[0m
